build/app/intermediates/manifest_merge_blame_file/release/manifest-merger-blame-release-report.txt
1<?xml version="1.0" encoding="utf-8"?>
2<manifest xmlns:android="http://schemas.android.com/apk/res/android"
3    package="com.kwojcik.kucharz_jez"
4    android:versionCode="1"
5    android:versionName="1.0.0" >
6
7    <uses-sdk
8        android:minSdkVersion="16"
8-->src\main\AndroidManifest.xml
9        android:targetSdkVersion="28" />
9-->src\main\AndroidManifest.xml
10    <!-- Although the *SdkVersion is captured in gradle build files, this is required for non gradle builds -->
11    <!-- <uses-sdk android:minSdkVersion="14" /> -->
12    <uses-permission android:name="android.permission.ACCESS_NETWORK_STATE" />
12-->[com.google.firebase:firebase-firestore:19.0.0] AndroidManifest.xml:13:5-79
12-->[com.google.firebase:firebase-firestore:19.0.0] AndroidManifest.xml:13:22-76
13    <uses-permission android:name="android.permission.INTERNET" />
13-->[com.google.firebase:firebase-firestore:19.0.0] AndroidManifest.xml:14:5-67
13-->[com.google.firebase:firebase-firestore:19.0.0] AndroidManifest.xml:14:22-64
14    <uses-permission android:name="android.permission.WAKE_LOCK" /> <!-- Required by older versions of Google Play services to create IID tokens -->
14-->[com.google.android.gms:play-services-measurement-api:16.5.0] AndroidManifest.xml:24:5-68
14-->[com.google.android.gms:play-services-measurement-api:16.5.0] AndroidManifest.xml:24:22-65
15    <uses-permission android:name="com.google.android.c2dm.permission.RECEIVE" />
15-->[com.google.firebase:firebase-iid:17.1.2] AndroidManifest.xml:26:5-82
15-->[com.google.firebase:firebase-iid:17.1.2] AndroidManifest.xml:26:22-79
16    <uses-permission android:name="com.google.android.finsky.permission.BIND_GET_INSTALL_REFERRER_SERVICE" />
16-->[com.google.android.gms:play-services-measurement:16.5.0] AndroidManifest.xml:26:5-110
16-->[com.google.android.gms:play-services-measurement:16.5.0] AndroidManifest.xml:26:22-107
17    <!--
18 io.flutter.app.FlutterApplication is an android.app.Application that
19         calls FlutterMain.startInitialization(this); in its onCreate method.
20         In most cases you can leave this as-is, but you if you want to provide
21         additional functionality it is fine to subclass or reimplement
22         FlutterApplication and put your custom class here.
23    -->
24    <application
24-->src\main\AndroidManifest.xml:10:5-35:19
25        android:name="io.flutter.app.FlutterApplication"
25-->src\main\AndroidManifest.xml:11:9-57
26        android:appComponentFactory="androidx.core.app.CoreComponentFactory"
26-->[androidx.core:core:1.0.0] AndroidManifest.xml:22:18-86
27        android:icon="@mipmap/ic_launcher"
27-->src\main\AndroidManifest.xml:13:9-43
28        android:label="kucharz_jez" >
28-->src\main\AndroidManifest.xml:12:9-36
29        <activity
29-->src\main\AndroidManifest.xml:14:9-34:20
30            android:name="com.kwojcik.kucharz_jez.MainActivity"
30-->src\main\AndroidManifest.xml:17:13-41
31            android:appComponentFactory="whateverString"
31-->src\main\AndroidManifest.xml:16:13-57
32            android:configChanges="orientation|keyboardHidden|keyboard|screenSize|locale|layoutDirection|fontScale|screenLayout|density|uiMode"
32-->src\main\AndroidManifest.xml:20:13-144
33            android:hardwareAccelerated="true"
33-->src\main\AndroidManifest.xml:21:13-47
34            android:launchMode="singleTop"
34-->src\main\AndroidManifest.xml:18:13-43
35            android:theme="@style/LaunchTheme"
35-->src\main\AndroidManifest.xml:19:13-47
36            android:windowSoftInputMode="adjustResize" >
36-->src\main\AndroidManifest.xml:22:13-55
37
38            <!--
39                 This keeps the window background of the activity showing
40                 until Flutter renders its first frame. It can be removed if
41                 there is no splash screen (such as the default splash screen
42                 defined in @style/LaunchTheme).
43            -->
44            <meta-data
44-->src\main\AndroidManifest.xml:27:13-29:40
45                android:name="io.flutter.app.android.SplashScreenUntilFirstFrame"
45-->src\main\AndroidManifest.xml:28:17-82
46                android:value="true" />
46-->src\main\AndroidManifest.xml:29:17-37
47
48            <intent-filter>
48-->src\main\AndroidManifest.xml:30:13-33:29
49                <action android:name="android.intent.action.MAIN" />
49-->src\main\AndroidManifest.xml:31:17-68
49-->src\main\AndroidManifest.xml:31:25-66
50
51                <category android:name="android.intent.category.LAUNCHER" />
51-->src\main\AndroidManifest.xml:32:17-76
51-->src\main\AndroidManifest.xml:32:27-74
52            </intent-filter>
53        </activity>
54
55        <service
55-->[:firebase_auth] AndroidManifest.xml:8:9-12:19
56            android:name="com.google.firebase.components.ComponentDiscoveryService"
56-->[:firebase_auth] AndroidManifest.xml:8:18-89
57            android:exported="false" >
57-->[com.google.firebase:firebase-auth:17.0.0] AndroidManifest.xml:35:13-37
58            <meta-data
58-->[:firebase_auth] AndroidManifest.xml:9:13-11:85
59                android:name="com.google.firebase.components:io.flutter.plugins.firebaseauth.FlutterFirebaseAppRegistrar"
59-->[:firebase_auth] AndroidManifest.xml:10:17-122
60                android:value="com.google.firebase.components.ComponentRegistrar" />
60-->[:firebase_auth] AndroidManifest.xml:11:17-82
61            <meta-data
61-->[:cloud_firestore] AndroidManifest.xml:9:13-11:85
62                android:name="com.google.firebase.components:io.flutter.plugins.firebase.cloudfirestore.FlutterFirebaseAppRegistrar"
62-->[:cloud_firestore] AndroidManifest.xml:10:17-133
63                android:value="com.google.firebase.components.ComponentRegistrar" />
63-->[:cloud_firestore] AndroidManifest.xml:11:17-82
64            <meta-data
64-->[:firebase_core] AndroidManifest.xml:9:13-11:85
65                android:name="com.google.firebase.components:io.flutter.plugins.firebase.core.FlutterFirebaseAppRegistrar"
65-->[:firebase_core] AndroidManifest.xml:10:17-123
66                android:value="com.google.firebase.components.ComponentRegistrar" />
66-->[:firebase_core] AndroidManifest.xml:11:17-82
67            <meta-data
67-->[com.google.firebase:firebase-auth:17.0.0] AndroidManifest.xml:36:13-38:85
68                android:name="com.google.firebase.components:com.google.firebase.auth.FirebaseAuthRegistrar"
68-->[com.google.firebase:firebase-auth:17.0.0] AndroidManifest.xml:37:17-109
69                android:value="com.google.firebase.components.ComponentRegistrar" />
69-->[com.google.firebase:firebase-auth:17.0.0] AndroidManifest.xml:38:17-82
70            <meta-data
70-->[com.google.firebase:firebase-firestore:19.0.0] AndroidManifest.xml:18:13-20:85
71                android:name="com.google.firebase.components:com.google.firebase.firestore.FirestoreRegistrar"
71-->[com.google.firebase:firebase-firestore:19.0.0] AndroidManifest.xml:19:17-111
72                android:value="com.google.firebase.components.ComponentRegistrar" />
72-->[com.google.firebase:firebase-firestore:19.0.0] AndroidManifest.xml:20:17-82
73            <meta-data
73-->[com.google.android.gms:play-services-measurement-api:16.5.0] AndroidManifest.xml:30:13-32:85
74                android:name="com.google.firebase.components:com.google.firebase.analytics.connector.internal.AnalyticsConnectorRegistrar"
74-->[com.google.android.gms:play-services-measurement-api:16.5.0] AndroidManifest.xml:31:17-139
75                android:value="com.google.firebase.components.ComponentRegistrar" />
75-->[com.google.android.gms:play-services-measurement-api:16.5.0] AndroidManifest.xml:32:17-82
76            <meta-data
76-->[com.google.firebase:firebase-iid:17.1.2] AndroidManifest.xml:32:13-34:85
77                android:name="com.google.firebase.components:com.google.firebase.iid.Registrar"
77-->[com.google.firebase:firebase-iid:17.1.2] AndroidManifest.xml:33:17-96
78                android:value="com.google.firebase.components.ComponentRegistrar" />
78-->[com.google.firebase:firebase-iid:17.1.2] AndroidManifest.xml:34:17-82
79        </service>
80
81        <activity
81-->[com.google.firebase:firebase-auth:17.0.0] AndroidManifest.xml:24:9-31:50
82            android:name="com.google.firebase.auth.internal.FederatedSignInActivity"
82-->[com.google.firebase:firebase-auth:17.0.0] AndroidManifest.xml:25:13-85
83            android:excludeFromRecents="true"
83-->[com.google.firebase:firebase-auth:17.0.0] AndroidManifest.xml:26:13-46
84            android:exported="true"
84-->[com.google.firebase:firebase-auth:17.0.0] AndroidManifest.xml:27:13-36
85            android:launchMode="singleTask"
85-->[com.google.firebase:firebase-auth:17.0.0] AndroidManifest.xml:28:13-44
86            android:permission="com.google.firebase.auth.api.gms.permission.LAUNCH_FEDERATED_SIGN_IN"
86-->[com.google.firebase:firebase-auth:17.0.0] AndroidManifest.xml:29:13-102
87            android:theme="@android:style/Theme.Translucent.NoTitleBar" />
87-->[com.google.firebase:firebase-auth:17.0.0] AndroidManifest.xml:30:13-72
88
89        <receiver
89-->[com.google.firebase:firebase-iid:17.1.2] AndroidManifest.xml:37:9-44:20
90            android:name="com.google.firebase.iid.FirebaseInstanceIdReceiver"
90-->[com.google.firebase:firebase-iid:17.1.2] AndroidManifest.xml:38:13-78
91            android:exported="true"
91-->[com.google.firebase:firebase-iid:17.1.2] AndroidManifest.xml:39:13-36
92            android:permission="com.google.android.c2dm.permission.SEND" >
92-->[com.google.firebase:firebase-iid:17.1.2] AndroidManifest.xml:40:13-73
93            <intent-filter>
93-->[com.google.firebase:firebase-iid:17.1.2] AndroidManifest.xml:41:13-43:29
94                <action android:name="com.google.android.c2dm.intent.RECEIVE" />
94-->[com.google.firebase:firebase-iid:17.1.2] AndroidManifest.xml:42:17-81
94-->[com.google.firebase:firebase-iid:17.1.2] AndroidManifest.xml:42:25-78
95            </intent-filter>
96        </receiver>
97        <!--
98             FirebaseInstanceIdService performs security checks at runtime,
99             no need for explicit permissions despite exported="true"
100        -->
101        <service
101-->[com.google.firebase:firebase-iid:17.1.2] AndroidManifest.xml:50:9-56:19
102            android:name="com.google.firebase.iid.FirebaseInstanceIdService"
102-->[com.google.firebase:firebase-iid:17.1.2] AndroidManifest.xml:51:13-77
103            android:exported="true" >
103-->[com.google.firebase:firebase-iid:17.1.2] AndroidManifest.xml:52:13-36
104            <intent-filter android:priority="-500" >
104-->[com.google.firebase:firebase-iid:17.1.2] AndroidManifest.xml:53:13-55:29
104-->[com.google.firebase:firebase-iid:17.1.2] AndroidManifest.xml:53:28-51
105                <action android:name="com.google.firebase.INSTANCE_ID_EVENT" />
105-->[com.google.firebase:firebase-iid:17.1.2] AndroidManifest.xml:54:17-80
105-->[com.google.firebase:firebase-iid:17.1.2] AndroidManifest.xml:54:25-77
106            </intent-filter>
107        </service>
108
109        <provider
109-->[com.google.firebase:firebase-common:17.0.0] AndroidManifest.xml:12:9-16:39
110            android:name="com.google.firebase.provider.FirebaseInitProvider"
110-->[com.google.firebase:firebase-common:17.0.0] AndroidManifest.xml:13:13-77
111            android:authorities="com.kwojcik.kucharz_jez.firebaseinitprovider"
111-->[com.google.firebase:firebase-common:17.0.0] AndroidManifest.xml:14:13-72
112            android:exported="false"
112-->[com.google.firebase:firebase-common:17.0.0] AndroidManifest.xml:15:13-37
113            android:initOrder="100" />
113-->[com.google.firebase:firebase-common:17.0.0] AndroidManifest.xml:16:13-36
114
115        <activity
115-->[com.google.android.gms:play-services-base:16.0.1] AndroidManifest.xml:23:9-26:75
116            android:name="com.google.android.gms.common.api.GoogleApiActivity"
116-->[com.google.android.gms:play-services-base:16.0.1] AndroidManifest.xml:24:13-79
117            android:exported="false"
117-->[com.google.android.gms:play-services-base:16.0.1] AndroidManifest.xml:25:13-37
118            android:theme="@android:style/Theme.Translucent.NoTitleBar" />
118-->[com.google.android.gms:play-services-base:16.0.1] AndroidManifest.xml:26:13-72
119
120        <receiver
120-->[com.google.android.gms:play-services-measurement:16.5.0] AndroidManifest.xml:29:9-33:20
121            android:name="com.google.android.gms.measurement.AppMeasurementReceiver"
121-->[com.google.android.gms:play-services-measurement:16.5.0] AndroidManifest.xml:30:13-85
122            android:enabled="true"
122-->[com.google.android.gms:play-services-measurement:16.5.0] AndroidManifest.xml:31:13-35
123            android:exported="false" >
123-->[com.google.android.gms:play-services-measurement:16.5.0] AndroidManifest.xml:32:13-37
124        </receiver>
125        <receiver
125-->[com.google.android.gms:play-services-measurement:16.5.0] AndroidManifest.xml:34:9-42:20
126            android:name="com.google.android.gms.measurement.AppMeasurementInstallReferrerReceiver"
126-->[com.google.android.gms:play-services-measurement:16.5.0] AndroidManifest.xml:35:13-100
127            android:enabled="true"
127-->[com.google.android.gms:play-services-measurement:16.5.0] AndroidManifest.xml:36:13-35
128            android:exported="true"
128-->[com.google.android.gms:play-services-measurement:16.5.0] AndroidManifest.xml:37:13-36
129            android:permission="android.permission.INSTALL_PACKAGES" >
129-->[com.google.android.gms:play-services-measurement:16.5.0] AndroidManifest.xml:38:13-69
130            <intent-filter>
130-->[com.google.android.gms:play-services-measurement:16.5.0] AndroidManifest.xml:39:13-41:29
131                <action android:name="com.android.vending.INSTALL_REFERRER" />
131-->[com.google.android.gms:play-services-measurement:16.5.0] AndroidManifest.xml:40:17-79
131-->[com.google.android.gms:play-services-measurement:16.5.0] AndroidManifest.xml:40:25-76
132            </intent-filter>
133        </receiver>
134
135        <service
135-->[com.google.android.gms:play-services-measurement:16.5.0] AndroidManifest.xml:44:9-47:40
136            android:name="com.google.android.gms.measurement.AppMeasurementService"
136-->[com.google.android.gms:play-services-measurement:16.5.0] AndroidManifest.xml:45:13-84
137            android:enabled="true"
137-->[com.google.android.gms:play-services-measurement:16.5.0] AndroidManifest.xml:46:13-35
138            android:exported="false" />
138-->[com.google.android.gms:play-services-measurement:16.5.0] AndroidManifest.xml:47:13-37
139        <service
139-->[com.google.android.gms:play-services-measurement:16.5.0] AndroidManifest.xml:48:9-52:72
140            android:name="com.google.android.gms.measurement.AppMeasurementJobService"
140-->[com.google.android.gms:play-services-measurement:16.5.0] AndroidManifest.xml:49:13-87
141            android:enabled="true"
141-->[com.google.android.gms:play-services-measurement:16.5.0] AndroidManifest.xml:50:13-35
142            android:exported="false"
142-->[com.google.android.gms:play-services-measurement:16.5.0] AndroidManifest.xml:51:13-37
143            android:permission="android.permission.BIND_JOB_SERVICE" />
143-->[com.google.android.gms:play-services-measurement:16.5.0] AndroidManifest.xml:52:13-69
144
145        <meta-data
145-->[com.google.android.gms:play-services-basement:16.2.0] AndroidManifest.xml:23:9-25:69
146            android:name="com.google.android.gms.version"
146-->[com.google.android.gms:play-services-basement:16.2.0] AndroidManifest.xml:24:13-58
147            android:value="@integer/google_play_services_version" />
147-->[com.google.android.gms:play-services-basement:16.2.0] AndroidManifest.xml:25:13-66
148    </application>
149
150</manifest>